# JRE version: Java(TM) SE Runtime Environment (8.0_65-b17) (build 1.8.0_65-b17)
# Java VM: Java HotSpot(TM) 64-Bit Server VM (25.65-b01 mixed mode windows-amd64 compressed oops)
Heap:
 PSYoungGen      total 210944K, used 24856K [0x00000000e0180000, 0x00000000ee980000, 0x0000000100000000)
  eden space 193536K, 4% used [0x00000000e0180000,0x00000000e0ade6a8,0x00000000ebe80000)
  from space 17408K, 87% used [0x00000000ed280000,0x00000000ee167a90,0x00000000ee380000)
  to   space 20480K, 0% used [0x00000000ebe80000,0x00000000ebe80000,0x00000000ed280000)
 ParOldGen       total 81920K, used 34085K [0x00000000a0400000, 0x00000000a5400000, 0x00000000e0180000)
  object space 81920K, 41% used [0x00000000a0400000,0x00000000a25497a8,0x00000000a5400000)
 Metaspace       used 28711K, capacity 29702K, committed 29824K, reserved 1075200K
  class space    used 3525K, capacity 3892K, committed 3968K, reserved 1048576K
GC Heap History (10 events):
Event: 9.419 GC heap before
{Heap before GC invocations=5 (full 0):
 PSYoungGen      total 102400K, used 102384K [0x00000000e0180000, 0x00000000e6980000, 0x0000000100000000)
  eden space 98304K, 100% used [0x00000000e0180000,0x00000000e6180000,0x00000000e6180000)
  from space 4096K, 99% used [0x00000000e6580000,0x00000000e697c010,0x00000000e6980000)
  to   space 4096K, 0% used [0x00000000e6180000,0x00000000e6180000,0x00000000e6580000)
 ParOldGen       total 65536K, used 13513K [0x00000000a0400000, 0x00000000a4400000, 0x00000000e0180000)
  object space 65536K, 20% used [0x00000000a0400000,0x00000000a1132470,0x00000000a4400000)
 Metaspace       used 18834K, capacity 19294K, committed 19456K, reserved 1067008K
  class space    used 2282K, capacity 2472K, committed 2560K, reserved 1048576K
Event: 9.511 GC heap after
Heap after GC invocations=5 (full 0):
 PSYoungGen      total 102400K, used 4064K [0x00000000e0180000, 0x00000000ee380000, 0x0000000100000000)
  eden space 98304K, 0% used [0x00000000e0180000,0x00000000e0180000,0x00000000e6180000)
  from space 4096K, 99% used [0x00000000e6180000,0x00000000e6578020,0x00000000e6580000)
  to   space 17408K, 0% used [0x00000000ed280000,0x00000000ed280000,0x00000000ee380000)
 ParOldGen       total 65536K, used 25488K [0x00000000a0400000, 0x00000000a4400000, 0x00000000e0180000)
  object space 65536K, 38% used [0x00000000a0400000,0x00000000a1ce4268,0x00000000a4400000)
 Metaspace       used 18834K, capacity 19294K, committed 19456K, reserved 1067008K
  class space    used 2282K, capacity 2472K, committed 2560K, reserved 1048576K
}
Event: 10.784 GC heap before
{Heap before GC invocations=6 (full 0):
 PSYoungGen      total 102400K, used 102368K [0x00000000e0180000, 0x00000000ee380000, 0x0000000100000000)
  eden space 98304K, 100% used [0x00000000e0180000,0x00000000e6180000,0x00000000e6180000)
  from space 4096K, 99% used [0x00000000e6180000,0x00000000e6578020,0x00000000e6580000)
  to   space 17408K, 0% used [0x00000000ed280000,0x00000000ed280000,0x00000000ee380000)
 ParOldGen       total 65536K, used 25488K [0x00000000a0400000, 0x00000000a4400000, 0x00000000e0180000)
  object space 65536K, 38% used [0x00000000a0400000,0x00000000a1ce4268,0x00000000a4400000)
 Metaspace       used 19042K, capacity 19486K, committed 19712K, reserved 1067008K
  class space    used 2285K, capacity 2472K, committed 2560K, reserved 1048576K
Event: 10.897 GC heap after
Heap after GC invocations=6 (full 0):
 PSYoungGen      total 210944K, used 17376K [0x00000000e0180000, 0x00000000ee980000, 0x0000000100000000)
  eden space 193536K, 0% used [0x00000000e0180000,0x00000000e0180000,0x00000000ebe80000)
  from space 17408K, 99% used [0x00000000ed280000,0x00000000ee378000,0x00000000ee380000)
  to   space 20480K, 0% used [0x00000000ebe80000,0x00000000ebe80000,0x00000000ed280000)
 ParOldGen       total 65536K, used 25496K [0x00000000a0400000, 0x00000000a4400000, 0x00000000e0180000)
  object space 65536K, 38% used [0x00000000a0400000,0x00000000a1ce6268,0x00000000a4400000)
 Metaspace       used 19042K, capacity 19486K, committed 19712K, reserved 1067008K
  class space    used 2285K, capacity 2472K, committed 2560K, reserved 1048576K
}
Event: 18.551 GC heap before
{Heap before GC invocations=7 (full 0):
 PSYoungGen      total 210944K, used 167750K [0x00000000e0180000, 0x00000000ee980000, 0x0000000100000000)
  eden space 193536K, 77% used [0x00000000e0180000,0x00000000e9459888,0x00000000ebe80000)
  from space 17408K, 99% used [0x00000000ed280000,0x00000000ee378000,0x00000000ee380000)
  to   space 20480K, 0% used [0x00000000ebe80000,0x00000000ebe80000,0x00000000ed280000)
 ParOldGen       total 65536K, used 25496K [0x00000000a0400000, 0x00000000a4400000, 0x00000000e0180000)
  object space 65536K, 38% used [0x00000000a0400000,0x00000000a1ce6268,0x00000000a4400000)
 Metaspace       used 20619K, capacity 21110K, committed 21248K, reserved 1067008K
  class space    used 2496K, capacity 2714K, committed 2816K, reserved 1048576K
Event: 18.686 GC heap after
Heap after GC invocations=7 (full 0):
 PSYoungGen      total 214016K, used 20464K [0x00000000e0180000, 0x00000000ee980000, 0x0000000100000000)
  eden space 193536K, 0% used [0x00000000e0180000,0x00000000e0180000,0x00000000ebe80000)
  from space 20480K, 99% used [0x00000000ebe80000,0x00000000ed27c010,0x00000000ed280000)
  to   space 17408K, 0% used [0x00000000ed280000,0x00000000ed280000,0x00000000ee380000)
 ParOldGen       total 65536K, used 37530K [0x00000000a0400000, 0x00000000a4400000, 0x00000000e0180000)
  object space 65536K, 57% used [0x00000000a0400000,0x00000000a28a6af8,0x00000000a4400000)
 Metaspace       used 20619K, capacity 21110K, committed 21248K, reserved 1067008K
  class space    used 2496K, capacity 2714K, committed 2816K, reserved 1048576K
}
Event: 18.686 GC heap before
{Heap before GC invocations=8 (full 1):
 PSYoungGen      total 214016K, used 20464K [0x00000000e0180000, 0x00000000ee980000, 0x0000000100000000)
  eden space 193536K, 0% used [0x00000000e0180000,0x00000000e0180000,0x00000000ebe80000)
  from space 20480K, 99% used [0x00000000ebe80000,0x00000000ed27c010,0x00000000ed280000)
  to   space 17408K, 0% used [0x00000000ed280000,0x00000000ed280000,0x00000000ee380000)
 ParOldGen       total 65536K, used 37530K [0x00000000a0400000, 0x00000000a4400000, 0x00000000e0180000)
  object space 65536K, 57% used [0x00000000a0400000,0x00000000a28a6af8,0x00000000a4400000)
 Metaspace       used 20619K, capacity 21110K, committed 21248K, reserved 1067008K
  class space    used 2496K, capacity 2714K, committed 2816K, reserved 1048576K
Event: 19.011 GC heap after
Heap after GC invocations=8 (full 1):
 PSYoungGen      total 214016K, used 0K [0x00000000e0180000, 0x00000000ee980000, 0x0000000100000000)
  eden space 193536K, 0% used [0x00000000e0180000,0x00000000e0180000,0x00000000ebe80000)
  from space 20480K, 0% used [0x00000000ebe80000,0x00000000ebe80000,0x00000000ed280000)
  to   space 17408K, 0% used [0x00000000ed280000,0x00000000ed280000,0x00000000ee380000)
 ParOldGen       total 81920K, used 34077K [0x00000000a0400000, 0x00000000a5400000, 0x00000000e0180000)
  object space 81920K, 41% used [0x00000000a0400000,0x00000000a25477a8,0x00000000a5400000)
 Metaspace       used 20619K, capacity 21110K, committed 21248K, reserved 1067008K
  class space    used 2496K, capacity 2714K, committed 2816K, reserved 1048576K
}
Event: 33.293 GC heap before
{Heap before GC invocations=9 (full 1):
 PSYoungGen      total 214016K, used 193536K [0x00000000e0180000, 0x00000000ee980000, 0x0000000100000000)
  eden space 193536K, 100% used [0x00000000e0180000,0x00000000ebe80000,0x00000000ebe80000)
  from space 20480K, 0% used [0x00000000ebe80000,0x00000000ebe80000,0x00000000ed280000)
  to   space 17408K, 0% used [0x00000000ed280000,0x00000000ed280000,0x00000000ee380000)
 ParOldGen       total 81920K, used 34077K [0x00000000a0400000, 0x00000000a5400000, 0x00000000e0180000)
  object space 81920K, 41% used [0x00000000a0400000,0x00000000a25477a8,0x00000000a5400000)
 Metaspace       used 28540K, capacity 29542K, committed 29824K, reserved 1075200K
  class space    used 3511K, capacity 3860K, committed 3968K, reserved 1048576K
Event: 33.324 GC heap after
Heap after GC invocations=9 (full 1):
 PSYoungGen      total 210944K, used 15262K [0x00000000e0180000, 0x00000000ee980000, 0x0000000100000000)
  eden space 193536K, 0% used [0x00000000e0180000,0x00000000e0180000,0x00000000ebe80000)
  from space 17408K, 87% used [0x00000000ed280000,0x00000000ee167a90,0x00000000ee380000)
  to   space 20480K, 0% used [0x00000000ebe80000,0x00000000ebe80000,0x00000000ed280000)
 ParOldGen       total 81920K, used 34085K [0x00000000a0400000, 0x00000000a5400000, 0x00000000e0180000)
  object space 81920K, 41% used [0x00000000a0400000,0x00000000a25497a8,0x00000000a5400000)
 Metaspace       used 28540K, capacity 29542K, committed 29824K, reserved 1075200K
  class space    used 3511K, capacity 3860K, committed 3968K, reserved 1048576K
}

